e:\cheats\cpp shit\bamewarebase-master\builds\64\bameware base shared_x64.pdb
e:\cheats\cpp shit\bamewarebase-master\bameware base shared\x64\release\utils.obj
e:\cheats\cpp shit\bamewarebase-master\bameware base shared\x64\release\socketserver.obj
e:\cheats\cpp shit\bamewarebase-master\bameware base shared\x64\release\socketclient.obj
e:\cheats\cpp shit\bamewarebase-master\bameware base shared\x64\release\shadermanager.obj
e:\cheats\cpp shit\bamewarebase-master\bameware base shared\x64\release\renderer.obj
e:\cheats\cpp shit\bamewarebase-master\bameware base shared\x64\release\unlinkmodule.obj
e:\cheats\cpp shit\bamewarebase-master\bameware base shared\x64\release\sizeofimage.obj
e:\cheats\cpp shit\bamewarebase-master\bameware base shared\x64\release\erasepeheaderfrommemory.obj
e:\cheats\cpp shit\bamewarebase-master\bameware base shared\x64\release\antidebug.obj
e:\cheats\cpp shit\bamewarebase-master\bameware base shared\x64\release\pipeserver.obj
e:\cheats\cpp shit\bamewarebase-master\bameware base shared\x64\release\pipeclient.obj
e:\cheats\cpp shit\bamewarebase-master\bameware base shared\x64\release\math.obj
e:\cheats\cpp shit\bamewarebase-master\bameware base shared\x64\release\fileparser.obj
e:\cheats\cpp shit\bamewarebase-master\bameware base shared\x64\release\color.obj
e:\cheats\cpp shit\bamewarebase-master\builds\64\bameware base shared_x64.lib
e:\cheats\cpp shit\bamewarebase-master\bameware base shared\x64\release\bameware.544f46ea.tlog\cl.read.1.tlog
e:\cheats\cpp shit\bamewarebase-master\bameware base shared\x64\release\bameware.544f46ea.tlog\cl.write.1.tlog
e:\cheats\cpp shit\bamewarebase-master\bameware base shared\x64\release\bameware.544f46ea.tlog\cl.command.1.tlog
e:\cheats\cpp shit\bamewarebase-master\bameware base shared\x64\release\bameware.544f46ea.tlog\lib-link.read.1.tlog
e:\cheats\cpp shit\bamewarebase-master\bameware base shared\x64\release\bameware.544f46ea.tlog\lib-link.write.1.tlog
e:\cheats\cpp shit\bamewarebase-master\bameware base shared\x64\release\bameware.544f46ea.tlog\lib.command.1.tlog
e:\cheats\cpp shit\bamewarebase-master\bameware base shared\x64\release\bameware.544f46ea.tlog\cl.items.tlog
