e:\cheats\cpp shit\bamewarebase-master\mangoproject\x64\release\vc143.pdb
e:\cheats\cpp shit\bamewarebase-master\mangoproject\x64\release\stdafx.obj
e:\cheats\cpp shit\bamewarebase-master\mangoproject\x64\release\imgui_impl_win32.obj
e:\cheats\cpp shit\bamewarebase-master\mangoproject\x64\release\imgui_impl_dx11.obj
e:\cheats\cpp shit\bamewarebase-master\mangoproject\x64\release\imgui_widgets.obj
e:\cheats\cpp shit\bamewarebase-master\mangoproject\x64\release\imgui_tables.obj
e:\cheats\cpp shit\bamewarebase-master\mangoproject\x64\release\imgui_draw.obj
e:\cheats\cpp shit\bamewarebase-master\mangoproject\x64\release\imgui_demo.obj
e:\cheats\cpp shit\bamewarebase-master\mangoproject\x64\release\imgui.obj
e:\cheats\cpp shit\bamewarebase-master\mangoproject\x64\release\main.obj
e:\cheats\cpp shit\bamewarebase-master\builds\64\mangoproject.dll
e:\cheats\cpp shit\bamewarebase-master\builds\64\mangoproject.pdb
e:\cheats\cpp shit\bamewarebase-master\mangoproject\x64\release\mangoproject.ipdb
e:\cheats\cpp shit\bamewarebase-master\mangoproject\x64\release\mangoproject.iobj
e:\cheats\cpp shit\bamewarebase-master\\builds\64\mangoproject.pdb
e:\cheats\cpp shit\bamewarebase-master\mangoproject\x64\release\mangoproject.tlog\cl.read.1.tlog
e:\cheats\cpp shit\bamewarebase-master\mangoproject\x64\release\mangoproject.tlog\cl.write.1.tlog
e:\cheats\cpp shit\bamewarebase-master\mangoproject\x64\release\mangoproject.tlog\cl.command.1.tlog
e:\cheats\cpp shit\bamewarebase-master\mangoproject\x64\release\mangoproject.tlog\link.read.30.tlog
e:\cheats\cpp shit\bamewarebase-master\mangoproject\x64\release\mangoproject.tlog\link.write.1.tlog
e:\cheats\cpp shit\bamewarebase-master\mangoproject\x64\release\mangoproject.tlog\link.secondary.1.tlog
e:\cheats\cpp shit\bamewarebase-master\mangoproject\x64\release\mangoproject.tlog\link.command.1.tlog
e:\cheats\cpp shit\bamewarebase-master\mangoproject\x64\release\mangoproject.tlog\cl.items.tlog
